[Mon Nov 18 21:15:13 2024] Iniciando o chat...
[Mon Nov 18 21:15:24 2024] Entrou no chat > Gabriel
[Mon Nov 18 21:15:34 2024] [Gabriel] Teste de mensagem unica
[Mon Nov 18 21:15:45 2024] Entrou no chat > Ingrid
[Mon Nov 18 21:15:52 2024] [Gabriel] Ei, chegou mais uma
[Mon Nov 18 21:16:04 2024] [Ingrid] Olá
[Mon Nov 18 21:20:39 2024] Saiu do chat < Gabriel
[Mon Nov 18 21:20:40 2024] Saiu do chat < Ingrid
[Mon Nov 18 21:20:52 2024] Iniciando o chat...
[Mon Nov 18 21:21:03 2024] Entrou no chat > Gabriel
[Mon Nov 18 21:21:24 2024] Saiu do chat < Gabriel
[Tue Nov 19 19:05:49 2024] Iniciando o chat...
[Tue Nov 19 19:06:07 2024] Entrou no chat > Gabriel
[Tue Nov 19 19:06:13 2024] [Gabriel] Teste de envio
[Tue Nov 19 19:06:42 2024] Entrou no chat > Ingrid
[Tue Nov 19 19:06:49 2024] [Ingrid] Olá?
[Tue Nov 19 19:09:10 2024] Iniciando o chat...
[Tue Nov 19 19:09:19 2024] Entrou no chat > Ingrid
[Tue Nov 19 19:09:25 2024] Entrou no chat > Teste
[Tue Nov 19 19:09:32 2024] [Teste] Teste
[Tue Nov 19 19:10:39 2024] Entrou no chat > Gabriel
[Tue Nov 19 19:12:17 2024] Iniciando o chat...
[Tue Nov 19 19:14:27 2024] Iniciando o chat...
[Tue Nov 19 19:14:36 2024] Entrou no chat > Gabriel
[Tue Nov 19 19:14:43 2024] Entrou no chat > Ingrid
[Tue Nov 19 19:15:23 2024] Saiu do chat < Gabriel
[Tue Nov 19 19:17:10 2024] [Gabriel ] Nov
[Tue Nov 19 19:17:10 2024] Entrou no chat > Gabriel Novo
[Tue Nov 19 19:19:00 2024] Iniciando o chat...
[Tue Nov 19 19:19:07 2024] Entrou no chat > Gabriel
[Tue Nov 19 19:24:48 2024] Iniciando o chat...
[Tue Nov 19 19:24:55 2024] Entrou no chat > Gabriel
[Tue Nov 19 19:25:02 2024] [Gabriel] Teste
[Tue Nov 19 19:25:05 2024] Saiu do chat < Gabriel
[Tue Nov 19 19:25:13 2024] Entrou no chat > Gabriel
[Tue Nov 19 19:25:17 2024] Entrou no chat > Ingrid
[Tue Nov 19 19:25:20 2024] [Ingrid] Teste
[Tue Nov 19 19:25:21 2024] Saiu do chat < Ingrid
[Tue Nov 19 19:26:53 2024] Iniciando o chat...
[Tue Nov 19 19:26:59 2024] Entrou no chat > Gabriel
[Tue Nov 19 19:27:07 2024] Saiu do chat < Gabriel
[Tue Nov 19 19:27:16 2024] Iniciando o chat...
[Tue Nov 19 19:27:21 2024] Entrou no chat > Teste
[Tue Nov 19 19:27:26 2024] Entrou no chat > Fechar
[Tue Nov 19 19:27:27 2024] Saiu do chat < Fechar
[Tue Nov 19 19:27:38 2024] Entrou no chat > Fechar
[Tue Nov 19 19:27:39 2024] Saiu do chat < Teste
[Tue Nov 19 19:27:46 2024] Entrou no chat > Abrir
[Tue Nov 19 19:27:51 2024] Saiu do chat < Fechar
[Tue Nov 19 19:27:54 2024] Saiu do chat < Abrir
[Tue Nov 19 19:38:05 2024] Iniciando o chat...
[Tue Nov 19 19:38:10 2024] Entrou no chat > Gabriel
[Tue Nov 19 19:38:15 2024] Entrou no chat > Ingrid
[Tue Nov 19 19:50:04 2024] Iniciando o chat...
[Tue Nov 19 19:53:49 2024] Entrou no chat > MC833
[Tue Nov 19 19:53:54 2024] [MC833] Teste de Mensagem
